[16:46:28] [Server thread/INFO]: Starting minecraft server version 1.12.2
[16:46:28] [Server thread/INFO]: Loading properties
[16:46:28] [Server thread/INFO]: Default game type: SURVIVAL
[16:46:28] [Server thread/INFO]: Generating keypair
[16:46:28] [Server thread/INFO]: Starting Minecraft server on *:25565
[16:46:28] [Server thread/INFO]: Using epoll channel type
[16:46:28] [Server thread/WARN]: **** SERVER IS RUNNING IN OFFLINE/INSECURE MODE!
[16:46:28] [Server thread/WARN]: The server will make no attempt to authenticate usernames. Beware.
[16:46:28] [Server thread/WARN]: While this makes the game possible to play without internet access, it also opens up the ability for hackers to connect with any username they choose.
[16:46:28] [Server thread/WARN]: To change this, set "online-mode" to "true" in the server.properties file.
[16:46:28] [Server thread/INFO]: Preparing level "world"
[16:46:29] [Server thread/INFO]: Loaded 488 advancements
[16:46:29] [Server thread/INFO]: Preparing start region for level 0
[16:46:30] [Server thread/INFO]: Preparing spawn area: 5%
[16:46:31] [Server thread/INFO]: Preparing spawn area: 91%
[16:46:31] [Server thread/INFO]: Done (2.502s)! For help, type "help" or "?"
[16:46:58] [Server thread/INFO]: --- Showing help page 1 of 10 (/help <page>) ---
[16:46:58] [Server thread/INFO]: /advancement <grant|revoke|test> <player>
[16:46:58] [Server thread/INFO]: /ban <name> [reason ...]
[16:46:58] [Server thread/INFO]: /ban-ip <address|name> [reason ...]
[16:46:58] [Server thread/INFO]: /banlist [ips|players]
[16:46:58] [Server thread/INFO]: /blockdata <x> <y> <z> <dataTag>
[16:46:58] [Server thread/INFO]: /clear [player] [item] [data] [maxCount] [dataTag]
[16:46:58] [Server thread/INFO]: /clone <x1> <y1> <z1> <x2> <y2> <z2> <x> <y> <z> [maskMode] [cloneMode]
[16:46:58] [Server thread/INFO]: Tip: Use the <tab> key while typing a command to auto-complete the command or its arguments
